[DEBUG] 2022-01-03 17:09:26 [main] InternalLoggerFactory - Using Log4J2 as the default logging framework
[DEBUG] 2022-01-03 17:09:26 [main] ResourceLeakDetector - -Dio.netty.leakDetection.level: simple
[DEBUG] 2022-01-03 17:09:26 [main] ResourceLeakDetector - -Dio.netty.leakDetection.targetRecords: 4
[DEBUG] 2022-01-03 17:09:26 [main] ResourceLeakDetectorFactory - Loaded default ResourceLeakDetector: io.netty.util.ResourceLeakDetector@3a94964
[DEBUG] 2022-01-03 17:09:26 [main] PlatformDependent0 - -Dio.netty.noUnsafe: false
[DEBUG] 2022-01-03 17:09:26 [main] PlatformDependent0 - Java version: 17
[DEBUG] 2022-01-03 17:09:26 [main] PlatformDependent0 - sun.misc.Unsafe.theUnsafe: available
[DEBUG] 2022-01-03 17:09:26 [main] PlatformDependent0 - sun.misc.Unsafe.copyMemory: available
[DEBUG] 2022-01-03 17:09:26 [main] PlatformDependent0 - java.nio.Buffer.address: available
[DEBUG] 2022-01-03 17:09:26 [main] PlatformDependent0 - direct buffer constructor: unavailable: Reflective setAccessible(true) disabled
[DEBUG] 2022-01-03 17:09:26 [main] PlatformDependent0 - java.nio.Bits.unaligned: available, true
[DEBUG] 2022-01-03 17:09:26 [main] PlatformDependent0 - jdk.internal.misc.Unsafe.allocateUninitializedArray(int): unavailable: class io.netty.util.internal.PlatformDependent0$6 cannot access class jdk.internal.misc.Unsafe (in module java.base) because module java.base does not export jdk.internal.misc to unnamed module @11028347
[DEBUG] 2022-01-03 17:09:26 [main] PlatformDependent0 - java.nio.DirectByteBuffer.<init>(long, int): unavailable
[DEBUG] 2022-01-03 17:09:26 [main] PlatformDependent - sun.misc.Unsafe: available
[DEBUG] 2022-01-03 17:09:26 [main] PlatformDependent - maxDirectMemory: 3191865344 bytes (maybe)
[DEBUG] 2022-01-03 17:09:26 [main] PlatformDependent - -Dio.netty.tmpdir: C:\Users\PRASHA~1.SHI\AppData\Local\Temp (java.io.tmpdir)
[DEBUG] 2022-01-03 17:09:26 [main] PlatformDependent - -Dio.netty.bitMode: 64 (sun.arch.data.model)
[DEBUG] 2022-01-03 17:09:26 [main] PlatformDependent - Platform: Windows
[DEBUG] 2022-01-03 17:09:26 [main] PlatformDependent - -Dio.netty.maxDirectMemory: -1 bytes
[DEBUG] 2022-01-03 17:09:26 [main] PlatformDependent - -Dio.netty.uninitializedArrayAllocationThreshold: -1
[DEBUG] 2022-01-03 17:09:26 [main] CleanerJava9 - java.nio.ByteBuffer.cleaner(): available
[DEBUG] 2022-01-03 17:09:26 [main] PlatformDependent - -Dio.netty.noPreferDirect: false
[DEBUG] 2022-01-03 17:09:26 [main] PlatformDependent - org.jctools-core.MpscChunkedArrayQueue: available
[DEBUG] 2022-01-03 17:09:26 [main] InternalThreadLocalMap - -Dio.netty.threadLocalMap.stringBuilder.initialSize: 1024
[DEBUG] 2022-01-03 17:09:26 [main] InternalThreadLocalMap - -Dio.netty.threadLocalMap.stringBuilder.maxSize: 4096
[DEBUG] 2022-01-03 17:09:27 [main] JdkSslContext - Default protocols (JDK): [TLSv1.3, TLSv1.2] 
[DEBUG] 2022-01-03 17:09:27 [main] JdkSslContext - Default cipher suites (JDK): [TLS_ECDHE_ECDSA_WITH_AES_256_GCM_SHA384, TLS_ECDHE_ECDSA_WITH_AES_128_GCM_SHA256, TLS_ECDHE_RSA_WITH_AES_128_GCM_SHA256, TLS_ECDHE_RSA_WITH_AES_256_GCM_SHA384, TLS_ECDHE_RSA_WITH_AES_128_CBC_SHA, TLS_ECDHE_RSA_WITH_AES_256_CBC_SHA, TLS_RSA_WITH_AES_128_GCM_SHA256, TLS_RSA_WITH_AES_128_CBC_SHA, TLS_RSA_WITH_AES_256_CBC_SHA, TLS_AES_128_GCM_SHA256, TLS_AES_256_GCM_SHA384]
[DEBUG] 2022-01-03 17:09:27 [main] MultithreadEventLoopGroup - -Dio.netty.eventLoopThreads: 8
[DEBUG] 2022-01-03 17:09:27 [main] NioEventLoop - -Dio.netty.noKeySetOptimization: false
[DEBUG] 2022-01-03 17:09:27 [main] NioEventLoop - -Dio.netty.selectorAutoRebuildThreshold: 512
[DEBUG] 2022-01-03 17:09:27 [main] PooledByteBufAllocator - -Dio.netty.allocator.numHeapArenas: 8
[DEBUG] 2022-01-03 17:09:27 [main] PooledByteBufAllocator - -Dio.netty.allocator.numDirectArenas: 8
[DEBUG] 2022-01-03 17:09:27 [main] PooledByteBufAllocator - -Dio.netty.allocator.pageSize: 8192
[DEBUG] 2022-01-03 17:09:27 [main] PooledByteBufAllocator - -Dio.netty.allocator.maxOrder: 11
[DEBUG] 2022-01-03 17:09:27 [main] PooledByteBufAllocator - -Dio.netty.allocator.chunkSize: 16777216
[DEBUG] 2022-01-03 17:09:27 [main] PooledByteBufAllocator - -Dio.netty.allocator.smallCacheSize: 256
[DEBUG] 2022-01-03 17:09:27 [main] PooledByteBufAllocator - -Dio.netty.allocator.normalCacheSize: 64
[DEBUG] 2022-01-03 17:09:27 [main] PooledByteBufAllocator - -Dio.netty.allocator.maxCachedBufferCapacity: 32768
[DEBUG] 2022-01-03 17:09:27 [main] PooledByteBufAllocator - -Dio.netty.allocator.cacheTrimInterval: 8192
[DEBUG] 2022-01-03 17:09:27 [main] PooledByteBufAllocator - -Dio.netty.allocator.cacheTrimIntervalMillis: 0
[DEBUG] 2022-01-03 17:09:27 [main] PooledByteBufAllocator - -Dio.netty.allocator.useCacheForAllThreads: true
[DEBUG] 2022-01-03 17:09:27 [main] PooledByteBufAllocator - -Dio.netty.allocator.maxCachedByteBuffersPerChunk: 1023
[DEBUG] 2022-01-03 17:09:27 [main] ByteBufUtil - -Dio.netty.allocator.type: pooled
[DEBUG] 2022-01-03 17:09:27 [main] ByteBufUtil - -Dio.netty.threadLocalDirectBufferSize: 0
[DEBUG] 2022-01-03 17:09:27 [main] ByteBufUtil - -Dio.netty.maxThreadLocalCharBufferSize: 16384
[DEBUG] 2022-01-03 17:09:28 [Forwarding newSession on session null to remote] DefaultChannelId - -Dio.netty.processId: 16396 (auto-detected)
[DEBUG] 2022-01-03 17:09:28 [Forwarding newSession on session null to remote] NetUtil - -Djava.net.preferIPv4Stack: false
[DEBUG] 2022-01-03 17:09:28 [Forwarding newSession on session null to remote] NetUtil - -Djava.net.preferIPv6Addresses: false
[DEBUG] 2022-01-03 17:09:28 [Forwarding newSession on session null to remote] NetUtilInitializations - Loopback interface: lo (Software Loopback Interface 1, 127.0.0.1)
[DEBUG] 2022-01-03 17:09:28 [Forwarding newSession on session null to remote] NetUtil - Failed to get SOMAXCONN from sysctl and file \proc\sys\net\core\somaxconn. Default: 200
[DEBUG] 2022-01-03 17:09:28 [Forwarding newSession on session null to remote] DefaultChannelId - -Dio.netty.machineId: 14:ab:c5:ff:fe:35:d6:71 (auto-detected)
[DEBUG] 2022-01-03 17:09:28 [AsyncHttpClient-1-2] AbstractByteBuf - -Dio.netty.buffer.checkAccessible: true
[DEBUG] 2022-01-03 17:09:28 [AsyncHttpClient-1-2] AbstractByteBuf - -Dio.netty.buffer.checkBounds: true
[DEBUG] 2022-01-03 17:09:28 [AsyncHttpClient-1-2] ResourceLeakDetectorFactory - Loaded default ResourceLeakDetector: io.netty.util.ResourceLeakDetector@237ed285
[DEBUG] 2022-01-03 17:09:28 [AsyncHttpClient-1-2] Recycler - -Dio.netty.recycler.maxCapacityPerThread: 4096
[DEBUG] 2022-01-03 17:09:28 [AsyncHttpClient-1-2] Recycler - -Dio.netty.recycler.maxSharedCapacityFactor: 2
[DEBUG] 2022-01-03 17:09:28 [AsyncHttpClient-1-2] Recycler - -Dio.netty.recycler.linkCapacity: 16
[DEBUG] 2022-01-03 17:09:28 [AsyncHttpClient-1-2] Recycler - -Dio.netty.recycler.ratio: 8
[DEBUG] 2022-01-03 17:09:28 [AsyncHttpClient-1-2] Recycler - -Dio.netty.recycler.delayedQueue.ratio: 8
[DEBUG] 2022-01-03 17:09:48 [AsyncHttpClient-1-2] Brotli - brotli4j not in the classpath; Brotli support will be unavailable.
[INFO ] 2022-01-03 17:09:54 [main] BaseClass - Browser lanched Sucessfully
[INFO ] 2022-01-03 17:09:55 [main] BaseClass - username set a Admin
[INFO ] 2022-01-03 17:09:55 [main] BaseClass - password is set aadmin123
[INFO ] 2022-01-03 17:10:07 [main] BaseClass - Clicked to login button
[INFO ] 2022-01-03 17:10:07 [main] BaseClass - Actual titleOrangeHRMis macthed with Expected title OrangeHRM
[INFO ] 2022-01-03 17:10:09 [main] BaseClass - Browser is close Successfully
[INFO ] 2022-01-03 17:10:09 [main] BaseClass - ******End of Test Case******
